Loading aarch64 (arm, gpus available) environment
Environment loaded. Spack available.
============================================
  BH Benchmark — SLURM job 604882
  Nœud       : romeo-a057
  Début      : 2026-05-22 11:32:04
  Partition  : instant
  ntasks     : 1
  cpus/task  : 1
  Submit dir : /gpfs/home/qdasilva/CHPS0901/projet4
============================================

--- Compilation ---
nvcc -O3 -std=c++17 -arch=sm_90 -I src --expt-relaxed-constexpr -Xcompiler -fopenmp -o bin/bh_cuda src/BH_cuda.cu
[OK] bin/bh_cuda  (GPU sm_90)

MPI_RANKS    : 1
OMP_THREADS  : 1 2 4 8

--- Lancement benchmark.sh  ---

[11:32:08] === Benchmark BH parallèle ===
[11:32:08] PARTICLES=5000 10000 50000 100000 500000
[11:32:08] PARTICLES_CUDA=1000 5000 10000 50000 100000 500000
[11:32:08] ITERS=10  OMP_THREADS=1 2 4 8  MPI_RANKS=1
[11:32:08] REPEATS=3  QUICK=0  PHASE=0
[11:32:08] 
[11:32:08] === Séquentiel ===
[11:32:08]   seq  N=5000 → 149940 us  [tree=5175 force=144569 integ=196]
[11:32:10]   seq  N=10000 → 474706 us  [tree=15324 force=458990 integ=392]
[11:32:23]   seq  N=50000 → 4432489 us  [tree=128825 force=4301711 integ=1953]
[11:32:56]   seq  N=100000 → 10761620 us  [tree=292142 force=10465546 integ=3932]
[11:36:44]   seq  N=500000 → 75517644 us  [tree=1930052 force=73565253 integ=22339]
[11:36:44]   seq  N=1000 (CUDA range) → 18670 us
[11:36:44] 
[11:36:44] === Phase 1 : OpenMP ===
[11:36:45]   omp_v1  N=5000 T=1 → 139197 us (1.0772x)
[11:36:45]   omp_v1  N=5000 T=2 → 149183 us (1.0051x)
[11:36:46]   omp_v1  N=5000 T=4 → 140680 us (1.0658x)
[11:36:46]   omp_v1  N=5000 T=8 → 168809 us (0.8882x)
[11:36:48]   omp_v1  N=10000 T=1 → 462815 us (1.0257x)
[11:36:49]   omp_v1  N=10000 T=2 → 462899 us (1.0255x)
[11:36:51]   omp_v1  N=10000 T=4 → 463796 us (1.0235x)
[11:36:52]   omp_v1  N=10000 T=8 → 466713 us (1.0171x)
[11:37:05]   omp_v1  N=50000 T=1 → 4403362 us (1.0066x)
[11:37:19]   omp_v1  N=50000 T=2 → 4412208 us (1.0046x)
[11:37:32]   omp_v1  N=50000 T=4 → 4426722 us (1.0013x)
[11:37:46]   omp_v1  N=50000 T=8 → 4448670 us (0.9964x)
[11:38:18]   omp_v1  N=100000 T=1 → 10692337 us (1.0065x)
[11:38:51]   omp_v1  N=100000 T=2 → 10801955 us (0.9963x)
[11:39:24]   omp_v1  N=100000 T=4 → 10767232 us (0.9995x)
[11:39:56]   omp_v1  N=100000 T=8 → 10779090 us (0.9984x)
[11:43:37]   omp_v1  N=500000 T=1 → 75278541 us (1.0032x)
